{
  "output_docx": "/Volumes/samsang/workflow/前端样式/merged_dyn_fix12fe/data/runs/web_20260318_154208_5dffff/reviewed_comments.docx",
  "added_comments": 25,
  "unmatched": [
    {
      "risk_id": 31,
      "clause_uid": null,
      "display_clause_id": "",
      "risk_label": "复验违约金累积风险"
    },
    {
      "risk_id": 31,
      "clause_uid": "",
      "display_clause_id": "",
      "risk_label": "复验违约金累积风险"
    },
    {
      "risk_id": 32,
      "clause_uid": null,
      "display_clause_id": "",
      "risk_label": "合同解除赔偿不对等"
    },
    {
      "risk_id": 32,
      "clause_uid": "",
      "display_clause_id": "",
      "risk_label": "合同解除赔偿不对等"
    }
  ],
  "comments": [
    {
      "comment_id": 5,
      "risk_id": 1,
      "paragraph_index": 19,
      "matched_text": "1.知识产权管理体系建设 包含高价值专利品台体系建设相关费用，具体要求如下： 完成实验室专利高价值平台知识产权管理制度文件：规范建设平台架构、各个部门的资源管理、规范生产经营各个环节的知识产权管理等相关机制，为平台取得GB/T 29490贯标证书。构建“研发-知识产权”融合流程，包含针对开源代码合规性审查、技术秘密分级保护的具体制度设计，生成相应制度文件和报告。编制《知识产权管理制度》1份、《专利管理流程手册》1份以及相关报告1份。为建设机密计算高价值专利平台提供相关咨询，包括但不限于平台架构设计，专利运用率、专利成果转化方面。 时间要求：管理制度文件2026年6月30日前完成。咨询在2027年11月31日前完成。",
      "clause_uid": "segment_1::1.（二）",
      "display_clause_id": "1.（二）"
    },
    {
      "comment_id": 6,
      "risk_id": 2,
      "paragraph_index": 24,
      "matched_text": "2.专利申请前评估 包含机密计算相关专利申请前评估费用，具体要求如下： 建立包含法律稳定性、技术先进性、市场应用前景、侵权可检测性的多维评估模型；提供详细的评估报告样本，且具备“查新-规避-布局”的一体化建议能力。 基于省平台专利申请前评估申请表/评估表在申请前对相关技术发明从技术、法律、市场等维度进行评估并生成相应报告（是否申请、如何申请（保护范围、权利要求设计）等）。评估数量根据平台实际需求为准，评估数量最多能达15件。 时间要求：根据具体专利申请时限要求进行。",
      "clause_uid": "segment_1::1.2",
      "display_clause_id": "1.2"
    },
    {
      "comment_id": 7,
      "risk_id": 3,
      "paragraph_index": 42,
      "matched_text": "3、项目实施过程中须根据项目进度及业主要求安排服务团队，保证满足项目实际需求。",
      "clause_uid": "segment_2::2.3",
      "display_clause_id": "2.3"
    },
    {
      "comment_id": 8,
      "risk_id": 4,
      "paragraph_index": 47,
      "matched_text": "在合同期内，甲方有权随时对乙方的工作进行监控。如日常工作中或抽检时发现因乙方原因造成的未按合同要求及时提供服务的，甲方有权提出限期整改意见。",
      "clause_uid": "segment_3::3.2",
      "display_clause_id": "3.2"
    },
    {
      "comment_id": 9,
      "risk_id": 5,
      "paragraph_index": 47,
      "matched_text": "在合同期内，甲方有权随时对乙方的工作进行监控。如日常工作中或抽检时发现因乙方原因造成的未按合同要求及时提供服务的，甲方有权提出限期整改意见。",
      "clause_uid": "segment_3::3.2",
      "display_clause_id": "3.2"
    },
    {
      "comment_id": 10,
      "risk_id": 6,
      "paragraph_index": 53,
      "matched_text": "乙方必须积极配合甲方的日常监控和临时抽检，不得以任何理由拒绝检查或在检查中弄虚作假。",
      "clause_uid": "segment_4::4.3",
      "display_clause_id": "4.3"
    },
    {
      "comment_id": 11,
      "risk_id": 7,
      "paragraph_index": 53,
      "matched_text": "乙方必须积极配合甲方的日常监控和临时抽检，不得以任何理由拒绝检查或在检查中弄虚作假。",
      "clause_uid": "segment_4::4.3",
      "display_clause_id": "4.3"
    },
    {
      "comment_id": 12,
      "risk_id": 8,
      "paragraph_index": 57,
      "matched_text": "1. 合同签订后10日内向中标供应商支付合同总额的60%；项目验收合格后甲方向乙方支付合同总额的40%货款。",
      "clause_uid": "segment_5::5.1",
      "display_clause_id": "5.1"
    },
    {
      "comment_id": 13,
      "risk_id": 9,
      "paragraph_index": 57,
      "matched_text": "1. 合同签订后10日内向中标供应商支付合同总额的60%；项目验收合格后甲方向乙方支付合同总额的40%货款。",
      "clause_uid": "segment_5::5.1",
      "display_clause_id": "5.1"
    },
    {
      "comment_id": 14,
      "risk_id": 10,
      "paragraph_index": 63,
      "matched_text": "3. 其他付款方式 付款条件成就后，甲方将相应款项付至乙方下列指定账户，视为完成付款义务。 户名： 浙江永鼎律师事务所 开户行: 中国工商银行朝晖支行 账号： 1202022109900115275",
      "clause_uid": "segment_5::5.3",
      "display_clause_id": "5.3"
    },
    {
      "comment_id": 15,
      "risk_id": 11,
      "paragraph_index": 67,
      "matched_text": "如出现因乙方原因导致不能按时完成任务的情况，乙方应及时以书面的形式将不能按时完成任务的理由、延误时间通知甲方，并获得甲方同意。",
      "clause_uid": "segment_6::6.1",
      "display_clause_id": "6.1"
    },
    {
      "comment_id": 16,
      "risk_id": 12,
      "paragraph_index": 69,
      "matched_text": "乙方未能按本合同约定要求提供周到、及时服务，应向甲方承担违约责任，应向甲方支付违约金，即合同总额 5 %。",
      "clause_uid": "segment_6::6.3",
      "display_clause_id": "6.3"
    },
    {
      "comment_id": 17,
      "risk_id": 13,
      "paragraph_index": 72,
      "matched_text": "由乙方组织实施的本项目中的所有文件、资料、数据信息等，其所有权均属甲方所有。",
      "clause_uid": "segment_7::7.1",
      "display_clause_id": "7.1"
    },
    {
      "comment_id": 18,
      "risk_id": 14,
      "paragraph_index": 73,
      "matched_text": "未经甲方书面授权，乙方不得将上述文件、资料、数据信息等应用到项目以外的用途。",
      "clause_uid": "segment_7::7.2",
      "display_clause_id": "7.2"
    },
    {
      "comment_id": 19,
      "risk_id": 15,
      "paragraph_index": 74,
      "matched_text": "由于乙方原因造成甲方知识产权被侵害，由乙方负责赔偿与之相关的一切损失。",
      "clause_uid": "segment_7::7.3",
      "display_clause_id": "7.3"
    },
    {
      "comment_id": 20,
      "risk_id": 16,
      "paragraph_index": 75,
      "matched_text": "当合同期满或合同终止时，乙方应负责按照甲方的要求对资料、数据信息进行移交。",
      "clause_uid": "segment_7::7.4",
      "display_clause_id": "7.4"
    },
    {
      "comment_id": 21,
      "risk_id": 17,
      "paragraph_index": 77,
      "matched_text": "对乙方在履行本合同过程中所涉及的因乙方原因引起的对任何版权和其他知识产权的侵犯，应由乙方自行承担可能发生的一切法律责任费用，甲方不承担任何相关责任和费用。",
      "clause_uid": "segment_7::7.5",
      "display_clause_id": "7.5"
    },
    {
      "comment_id": 22,
      "risk_id": 18,
      "paragraph_index": 79,
      "matched_text": "双方任一方由于不可抗力的影响而不能执行合同时，履行合同的期限应予延长。延长的期限应相当于事故所影响的时间。如果不可抗力影响时间延续_30__天以上的，双方可通过友好协商达成在合理的时间内继续履行本合同或解除本合同的协议。不可抗力系指甲乙双方在缔结合同时所不能预见的，并且它的发生及其后果无法避免和无法克服的事故。",
      "clause_uid": "segment_8::8.u32",
      "display_clause_id": "8.u32"
    },
    {
      "comment_id": 23,
      "risk_id": 19,
      "paragraph_index": 79,
      "matched_text": "双方任一方由于不可抗力的影响而不能执行合同时，履行合同的期限应予延长。延长的期限应相当于事故所影响的时间。如果不可抗力影响时间延续_30__天以上的，双方可通过友好协商达成在合理的时间内继续履行本合同或解除本合同的协议。不可抗力系指甲乙双方在缔结合同时所不能预见的，并且它的发生及其后果无法避免和无法克服的事故。",
      "clause_uid": "segment_8::8.u32",
      "display_clause_id": "8.u32"
    },
    {
      "comment_id": 24,
      "risk_id": 20,
      "paragraph_index": 81,
      "matched_text": "对甲方在履行本合同过程中向乙方提供的业务资料、技术资料等，以及乙方在履行本合同过程中知悉的甲方的所有秘密信息，乙方均应严格保密，未经甲方同意不得自行使用或披露给任何第三方。",
      "clause_uid": "segment_9::9.1",
      "display_clause_id": "9.1"
    },
    {
      "comment_id": 25,
      "risk_id": 21,
      "paragraph_index": 83,
      "matched_text": "乙方违反保密法及相关法律，应承担相应法律责任。",
      "clause_uid": "segment_9::9.3",
      "display_clause_id": "9.3"
    },
    {
      "comment_id": 26,
      "risk_id": 22,
      "paragraph_index": 86,
      "matched_text": "双方在履行合同时如有争议，都应尽最大的努力友好协商解决，如友好协商不能解决时，应按照以下第 1 种方式处理：",
      "clause_uid": "segment_10::10.u37",
      "display_clause_id": "10.u37"
    },
    {
      "comment_id": 27,
      "risk_id": 23,
      "paragraph_index": 87,
      "matched_text": "1. 依法向甲方所在地人民法院起诉；",
      "clause_uid": "segment_10::10.1",
      "display_clause_id": "10.1"
    },
    {
      "comment_id": 28,
      "risk_id": 24,
      "paragraph_index": 98,
      "matched_text": "在合同履行过程中，实际情况发生根本性变化，直接导致乙方不能全部或部分执行项目时，乙方应当立即通知甲方。双方应在甲方收到通知后_7 日内进行协商，协商不成的，甲方有权解除本合同并要求乙方退还全部已付款项。 除本合同另有约定外，当事人一方要求变更或解除合同时，应当提前_7 天前通知对方，因变更或解除合同使一方遭受损失的，除依法可以免除责任的外，应由责任方负责赔偿。变更或解除合同的通知或协议应当采取书面形式，协议未达成之前，原合同仍然有效。 本合同终止后，除另行签订书面协议，双方应在 7 天内完成本项目的交接工作，期满未完成交接的，责任方应按照本合同总价每日万分之 1 的标准支付对方赔偿金。",
      "clause_uid": "segment_11::11.6",
      "display_clause_id": "11.6"
    },
    {
      "comment_id": 29,
      "risk_id": 25,
      "paragraph_index": 98,
      "matched_text": "在合同履行过程中，实际情况发生根本性变化，直接导致乙方不能全部或部分执行项目时，乙方应当立即通知甲方。双方应在甲方收到通知后_7 日内进行协商，协商不成的，甲方有权解除本合同并要求乙方退还全部已付款项。 除本合同另有约定外，当事人一方要求变更或解除合同时，应当提前_7 天前通知对方，因变更或解除合同使一方遭受损失的，除依法可以免除责任的外，应由责任方负责赔偿。变更或解除合同的通知或协议应当采取书面形式，协议未达成之前，原合同仍然有效。 本合同终止后，除另行签订书面协议，双方应在 7 天内完成本项目的交接工作，期满未完成交接的，责任方应按照本合同总价每日万分之 1 的标准支付对方赔偿金。",
      "clause_uid": "segment_11::11.6",
      "display_clause_id": "11.6"
    }
  ],
  "missing_clause_skipped_count": 5,
  "missing_clause_items": [
    {
      "risk_id": 26,
      "risk_label": "验收标准缺失",
      "issue": "合同中缺少明确的验收标准、验收流程和验收通过条件",
      "evidence_text": "条款3提到\"每1年综合验收一次。如验收不合格，乙方须按照甲方验收结果限期整改\"，但未规定具体的验收标准、验收方式、验收通过的具体条件"
    },
    {
      "risk_id": 27,
      "risk_label": "付款条件与验收关联不明确",
      "issue": "合同中40%尾款的支付条件（验收合格）与验收标准不明确形成联动风险",
      "evidence_text": "条款5.1约定\"项目验收合格后甲方向乙方支付合同总额的40%货款\"，但合同中未明确验收的具体标准和流程"
    },
    {
      "risk_id": 28,
      "risk_label": "保密期限缺失",
      "issue": "合同中缺少保密义务的存续期限约定",
      "evidence_text": "条款9.1-9.4规定了乙方的保密义务，但未明确保密期限是仅在合同期内还是延续至合同终止后"
    },
    {
      "risk_id": 29,
      "risk_label": "知识产权归属边界不清晰",
      "issue": "合同中\"本项目\"的知识产权归属范围界定不明确",
      "evidence_text": "条款7.1规定\"由乙方组织实施的本项目中的所有文件、资料、数据信息等，其所有权均属甲方所有\"，但未明确\"本项目\"的具体范围"
    },
    {
      "risk_id": 30,
      "risk_label": "人员变更限制缺失",
      "issue": "合同中缺少对项目团队人员变更的限制性约定",
      "evidence_text": "条款2.1、2、2.3规定了项目团队的人员要求（项目负责人需具有专利代理师资格，团队成员须有3名以上专利代理师），但未规定合同履行过程中人员变更的条件和限制"
    }
  ]
}
