[ai_patch]
{
  "output_docx": "/Volumes/samsang/workflow/前端样式/merged_dyn_fix12fe/data/runs/web_20260318_162031_1cd329/ai_patched.docx",
  "added": 0,
  "failed": 0,
  "unmatched": [],
  "items": []
}

[risk_comments]
{
  "output_docx": "/Volumes/samsang/workflow/前端样式/merged_dyn_fix12fe/data/runs/web_20260318_162031_1cd329/reviewed_comments.docx",
  "added_comments": 27,
  "unmatched": [
    {
      "risk_id": 33,
      "clause_uid": null,
      "display_clause_id": "",
      "risk_label": "付款账户与合同主体不一致"
    },
    {
      "risk_id": 33,
      "clause_uid": "",
      "display_clause_id": "",
      "risk_label": "付款账户与合同主体不一致"
    },
    {
      "risk_id": 34,
      "clause_uid": null,
      "display_clause_id": "",
      "risk_label": "合同解除权与退款义务不对等"
    },
    {
      "risk_id": 34,
      "clause_uid": "",
      "display_clause_id": "",
      "risk_label": "合同解除权与退款义务不对等"
    }
  ],
  "comments": [
    {
      "comment_id": 5,
      "risk_id": 1,
      "paragraph_index": 19,
      "matched_text": "1.知识产权管理体系建设 包含高价值专利品台体系建设相关费用，具体要求如下： 完成实验室专利高价值平台知识产权管理制度文件：规范建设平台架构、各个部门的资源管理、规范生产经营各个环节的知识产权管理等相关机制，为平台取得GB/T 29490贯标证书。构建“研发-知识产权”融合流程，包含针对开源代码合规性审查、技术秘密分级保护的具体制度设计，生成相应制度文件和报告。编制《知识产权管理制度》1份、《专利管理流程手册》1份以及相关报告1份。为建设机密计算高价值专利平台提供相关咨询，包括但不限于平台架构设计，专利运用率、专利成果转化方面。 时间要求：管理制度文件2026年6月30日前完成。咨询在2027年11月31日前完成。",
      "clause_uid": "segment_1::1.（二）",
      "display_clause_id": "1.（二）"
    },
    {
      "comment_id": 6,
      "risk_id": 2,
      "paragraph_index": 19,
      "matched_text": "1.知识产权管理体系建设 包含高价值专利品台体系建设相关费用，具体要求如下： 完成实验室专利高价值平台知识产权管理制度文件：规范建设平台架构、各个部门的资源管理、规范生产经营各个环节的知识产权管理等相关机制，为平台取得GB/T 29490贯标证书。构建“研发-知识产权”融合流程，包含针对开源代码合规性审查、技术秘密分级保护的具体制度设计，生成相应制度文件和报告。编制《知识产权管理制度》1份、《专利管理流程手册》1份以及相关报告1份。为建设机密计算高价值专利平台提供相关咨询，包括但不限于平台架构设计，专利运用率、专利成果转化方面。 时间要求：管理制度文件2026年6月30日前完成。咨询在2027年11月31日前完成。",
      "clause_uid": "segment_1::1.（二）",
      "display_clause_id": "1.（二）"
    },
    {
      "comment_id": 7,
      "risk_id": 3,
      "paragraph_index": 24,
      "matched_text": "2.专利申请前评估 包含机密计算相关专利申请前评估费用，具体要求如下： 建立包含法律稳定性、技术先进性、市场应用前景、侵权可检测性的多维评估模型；提供详细的评估报告样本，且具备“查新-规避-布局”的一体化建议能力。 基于省平台专利申请前评估申请表/评估表在申请前对相关技术发明从技术、法律、市场等维度进行评估并生成相应报告（是否申请、如何申请（保护范围、权利要求设计）等）。评估数量根据平台实际需求为准，评估数量最多能达15件。 时间要求：根据具体专利申请时限要求进行。",
      "clause_uid": "segment_1::1.2",
      "display_clause_id": "1.2"
    },
    {
      "comment_id": 8,
      "risk_id": 4,
      "paragraph_index": 32,
      "matched_text": "4.专利池建设 包含机密计算相关专利池建设费用，具体要求如下： 围绕平台的相关领域科技攻关或关键核心技术，辅助形成 3 个高价值专利组合，并形成相关报告。提出符合机密计算产业特征的“产品型”或“标准型”专利池架构；包含详细的入池标准、许可费率测算模型、收益分配机制及反垄断合规分析。结合专利数据库的打造，建立专利资产管理和专利分级分类评估档案1套，形成高价值专利库。 时间要求：2027年3月31日前完成。",
      "clause_uid": "segment_1::1.4",
      "display_clause_id": "1.4"
    },
    {
      "comment_id": 9,
      "risk_id": 5,
      "paragraph_index": 42,
      "matched_text": "3、项目实施过程中须根据项目进度及业主要求安排服务团队，保证满足项目实际需求。",
      "clause_uid": "segment_2::2.3",
      "display_clause_id": "2.3"
    },
    {
      "comment_id": 10,
      "risk_id": 6,
      "paragraph_index": 42,
      "matched_text": "3、项目实施过程中须根据项目进度及业主要求安排服务团队，保证满足项目实际需求。",
      "clause_uid": "segment_2::2.3",
      "display_clause_id": "2.3"
    },
    {
      "comment_id": 11,
      "risk_id": 7,
      "paragraph_index": 47,
      "matched_text": "在合同期内，甲方有权随时对乙方的工作进行监控。如日常工作中或抽检时发现因乙方原因造成的未按合同要求及时提供服务的，甲方有权提出限期整改意见。",
      "clause_uid": "segment_3::3.2",
      "display_clause_id": "3.2"
    },
    {
      "comment_id": 12,
      "risk_id": 8,
      "paragraph_index": 48,
      "matched_text": "每_1年_综合验收一次。如验收不合格，乙方须按照甲方验收结果限期整改，如乙方不进行整改或整改后甲方再次验收仍不合格的，甲方有权要求乙方按每追加验收一次按合同价款_5 %的标准支付违约金，直至终止合同。",
      "clause_uid": "segment_3::3",
      "display_clause_id": "3"
    },
    {
      "comment_id": 13,
      "risk_id": 9,
      "paragraph_index": 48,
      "matched_text": "每_1年_综合验收一次。如验收不合格，乙方须按照甲方验收结果限期整改，如乙方不进行整改或整改后甲方再次验收仍不合格的，甲方有权要求乙方按每追加验收一次按合同价款_5 %的标准支付违约金，直至终止合同。",
      "clause_uid": "segment_3::3",
      "display_clause_id": "3"
    },
    {
      "comment_id": 14,
      "risk_id": 10,
      "paragraph_index": 51,
      "matched_text": "乙方应指定专职人员做好系统运维服务。",
      "clause_uid": "segment_4::4.1",
      "display_clause_id": "4.1"
    },
    {
      "comment_id": 15,
      "risk_id": 11,
      "paragraph_index": 53,
      "matched_text": "乙方必须积极配合甲方的日常监控和临时抽检，不得以任何理由拒绝检查或在检查中弄虚作假。",
      "clause_uid": "segment_4::4.3",
      "display_clause_id": "4.3"
    },
    {
      "comment_id": 16,
      "risk_id": 12,
      "paragraph_index": 69,
      "matched_text": "乙方未能按本合同约定要求提供周到、及时服务，应向甲方承担违约责任，应向甲方支付违约金，即合同总额 5 %。",
      "clause_uid": "segment_6::6.3",
      "display_clause_id": "6.3"
    },
    {
      "comment_id": 17,
      "risk_id": 13,
      "paragraph_index": 69,
      "matched_text": "乙方未能按本合同约定要求提供周到、及时服务，应向甲方承担违约责任，应向甲方支付违约金，即合同总额 5 %。",
      "clause_uid": "segment_6::6.3",
      "display_clause_id": "6.3"
    },
    {
      "comment_id": 18,
      "risk_id": 14,
      "paragraph_index": 72,
      "matched_text": "由乙方组织实施的本项目中的所有文件、资料、数据信息等，其所有权均属甲方所有。",
      "clause_uid": "segment_7::7.1",
      "display_clause_id": "7.1"
    },
    {
      "comment_id": 19,
      "risk_id": 15,
      "paragraph_index": 73,
      "matched_text": "未经甲方书面授权，乙方不得将上述文件、资料、数据信息等应用到项目以外的用途。",
      "clause_uid": "segment_7::7.2",
      "display_clause_id": "7.2"
    },
    {
      "comment_id": 20,
      "risk_id": 16,
      "paragraph_index": 74,
      "matched_text": "由于乙方原因造成甲方知识产权被侵害，由乙方负责赔偿与之相关的一切损失。",
      "clause_uid": "segment_7::7.3",
      "display_clause_id": "7.3"
    },
    {
      "comment_id": 21,
      "risk_id": 17,
      "paragraph_index": 77,
      "matched_text": "对乙方在履行本合同过程中所涉及的因乙方原因引起的对任何版权和其他知识产权的侵犯，应由乙方自行承担可能发生的一切法律责任费用，甲方不承担任何相关责任和费用。",
      "clause_uid": "segment_7::7.5",
      "display_clause_id": "7.5"
    },
    {
      "comment_id": 22,
      "risk_id": 18,
      "paragraph_index": 79,
      "matched_text": "双方任一方由于不可抗力的影响而不能执行合同时，履行合同的期限应予延长。延长的期限应相当于事故所影响的时间。如果不可抗力影响时间延续_30__天以上的，双方可通过友好协商达成在合理的时间内继续履行本合同或解除本合同的协议。不可抗力系指甲乙双方在缔结合同时所不能预见的，并且它的发生及其后果无法避免和无法克服的事故。",
      "clause_uid": "segment_8::8.u32",
      "display_clause_id": "8.u32"
    },
    {
      "comment_id": 23,
      "risk_id": 19,
      "paragraph_index": 79,
      "matched_text": "双方任一方由于不可抗力的影响而不能执行合同时，履行合同的期限应予延长。延长的期限应相当于事故所影响的时间。如果不可抗力影响时间延续_30__天以上的，双方可通过友好协商达成在合理的时间内继续履行本合同或解除本合同的协议。不可抗力系指甲乙双方在缔结合同时所不能预见的，并且它的发生及其后果无法避免和无法克服的事故。",
      "clause_uid": "segment_8::8.u32",
      "display_clause_id": "8.u32"
    },
    {
      "comment_id": 24,
      "risk_id": 20,
      "paragraph_index": 81,
      "matched_text": "对甲方在履行本合同过程中向乙方提供的业务资料、技术资料等，以及乙方在履行本合同过程中知悉的甲方的所有秘密信息，乙方均应严格保密，未经甲方同意不得自行使用或披露给任何第三方。",
      "clause_uid": "segment_9::9.1",
      "display_clause_id": "9.1"
    },
    {
      "comment_id": 25,
      "risk_id": 21,
      "paragraph_index": 81,
      "matched_text": "对甲方在履行本合同过程中向乙方提供的业务资料、技术资料等，以及乙方在履行本合同过程中知悉的甲方的所有秘密信息，乙方均应严格保密，未经甲方同意不得自行使用或披露给任何第三方。",
      "clause_uid": "segment_9::9.1",
      "display_clause_id": "9.1"
    },
    {
      "comment_id": 26,
      "risk_id": 22,
      "paragraph_index": 83,
      "matched_text": "乙方违反保密法及相关法律，应承担相应法律责任。",
      "clause_uid": "segment_9::9.3",
      "display_clause_id": "9.3"
    },
    {
      "comment_id": 27,
      "risk_id": 23,
      "paragraph_index": 84,
      "matched_text": "本条规定的效力不受本合同效力的影响。",
      "clause_uid": "segment_9::9.4",
      "display_clause_id": "9.4"
    },
    {
      "comment_id": 28,
      "risk_id": 24,
      "paragraph_index": 86,
      "matched_text": "双方在履行合同时如有争议，都应尽最大的努力友好协商解决，如友好协商不能解决时，应按照以下第 1 种方式处理：",
      "clause_uid": "segment_10::10.u37",
      "display_clause_id": "10.u37"
    },
    {
      "comment_id": 29,
      "risk_id": 25,
      "paragraph_index": 87,
      "matched_text": "1. 依法向甲方所在地人民法院起诉；",
      "clause_uid": "segment_10::10.1",
      "display_clause_id": "10.1"
    },
    {
      "comment_id": 30,
      "risk_id": 26,
      "paragraph_index": 95,
      "matched_text": "本合同履行重要事项的通知，双方同意采用书面形式，按照本合同首部双方预留联系方式发出。通过传真、电子邮件等即时方式发出的，自通知发出之日起视为送达；通过邮政特快专",
      "clause_uid": "segment_11::11.5",
      "display_clause_id": "11.5"
    },
    {
      "comment_id": 31,
      "risk_id": 27,
      "paragraph_index": 100,
      "matched_text": "本合同一式 贰 份，双方各执 壹 份，具有同等法律效力，自合同双方盖章后生效。",
      "clause_uid": "segment_11::11.7",
      "display_clause_id": "11.7"
    }
  ],
  "missing_clause_skipped_count": 6,
  "missing_clause_items": [
    {
      "risk_id": 28,
      "risk_label": "验收标准缺失或不明确",
      "issue": "合同未明确综合验收的具体标准、流程和通过条件，仅约定\"每1年综合验收一次\"",
      "evidence_text": "条款3：每_1年_综合验收一次。如验收不合格，乙方须按照甲方验收结果限期整改，如乙方不进行整改或整改后甲方再次验收仍不合格的，甲方有权要求乙方按每追加验收一次按合同价款_5 %的标准支付违约金，直至终止合同。"
    },
    {
      "risk_id": 29,
      "risk_label": "付款条件与验收关联不明确",
      "issue": "合同未明确验收的具体时限、验收不合格的次数限制以及长期验收不通过的处理方式",
      "evidence_text": "条款5.1：合同签订后10日内向中标供应商支付合同总额的60%；项目验收合格后甲方向乙方支付合同总额的40%货款。条款3：每1年综合验收一次。"
    },
    {
      "risk_id": 30,
      "risk_label": "保密期限不明确",
      "issue": "合同仅约定乙方负有保密义务，但未明确保密的期限和保密义务的存续期间",
      "evidence_text": "条款9.1：对甲方在履行本合同过程中向乙方提供的业务资料、技术资料等，以及乙方在履行本合同过程中知悉的甲方的所有秘密信息，乙方均应严格保密，未经甲方同意不得自行使用或披露给任何第三方。"
    },
    {
      "risk_id": 31,
      "risk_label": "项目人员变更限制缺失",
      "issue": "合同对项目团队有明确资质要求（项目负责人需专利代理师资格，团队至少3名专利代理师），但未约定项目执行中人员变更的条件和限制",
      "evidence_text": "条款2.1：项目负责人需具有专利代理师资格。条款2：其他人员：团队成员（不含项目负责人）须具有3名以上专利代理师。条款2.3：项目实施过程中须根据项目进度及业主要求安排服务团队，保证满足项目实际需求。"
    },
    {
      "risk_id": 32,
      "risk_label": "知识产权归属边界不清晰",
      "issue": "合同约定项目所有文件、资料、数据信息所有权归甲方，但未明确乙方在服务过程中自有的工具、方法论、技术成果的归属",
      "evidence_text": "条款7.1：由乙方组织实施的本项目中的所有文件、资料、数据信息等，其所有权均属甲方所有。"
    },
    {
      "risk_id": 35,
      "risk_label": "违约责任上限缺失",
      "issue": "合同约定了多种违约金情形（验收不合格5%、保密违约5%等），但未约定供应商承担违约责任的总金额上限",
      "evidence_text": "条款3：每追加验收一次按合同价款5%的标准支付违约金。条款6.3：乙方未能按本合同约定要求提供周到、及时服务，应向甲方支付违约金，即合同总额5%。条款9.2：乙方如违反上述保密义务，应向甲方支付违约金（合同价款的5%）。"
    }
  ]
}
